<?xml version="1.0" encoding="UTF-8"?>
<!-- Generated by org.testng.reporters.JUnitReportReporter -->
<testsuite skipped="0" hostname="LAPTOP-E2P9C9BR" name="test.ValidationsTest" tests="4" failures="0" timestamp="22 Jun 2020 13:14:28 GMT" time="0.009" errors="0">
  <testcase name="TC4_Validations_Isvalid_amount" time="0.002" classname="test.ValidationsTest"/>
  <testcase name="TC2_Validations_IsValid_code" time="0.002" classname="test.ValidationsTest"/>
  <testcase name="TC1_Validations_IsValid_code" time="0.004" classname="test.ValidationsTest"/>
  <testcase name="TC3_Validations_Isvalid_amount" time="0.001" classname="test.ValidationsTest"/>
</testsuite> <!-- test.ValidationsTest -->
