<?xml version="1.0" encoding="UTF-8"?>
<!-- Generated by org.testng.reporters.JUnitReportReporter -->
<testsuite skipped="0" hostname="LAPTOP-E2P9C9BR" name="test.SupplierTest" tests="3" failures="0" timestamp="22 Jun 2020 13:14:28 GMT" time="0.035" errors="0">
  <testcase name="TC9_Supplier_Valid_passCode" time="0.004" classname="test.SupplierTest"/>
  <testcase name="TC10_Supplier_inValid_passCode" time="0.020" classname="test.SupplierTest"/>
  <testcase name="resetMachine" time="0.011" classname="test.SupplierTest"/>
</testsuite> <!-- test.SupplierTest -->
