<?xml version="1.0" encoding="UTF-8"?>
<!-- Generated by org.testng.reporters.JUnitReportReporter -->
<testsuite skipped="0" hostname="LAPTOP-E2P9C9BR" name="test.ProductsDetailsTest" tests="4" failures="0" timestamp="22 Jun 2020 13:14:28 GMT" time="0.015" errors="0">
  <testcase name="TC8_Product_Details_getAvailQuantity" time="0.003" classname="test.ProductsDetailsTest"/>
  <testcase name="TC5_Product_Details_GetDetails" time="0.003" classname="test.ProductsDetailsTest"/>
  <testcase name="TC6_Product_Details_GetDetails" time="0.002" classname="test.ProductsDetailsTest"/>
  <testcase name="TC7_Product_Details_getAvailQuantity" time="0.007" classname="test.ProductsDetailsTest"/>
</testsuite> <!-- test.ProductsDetailsTest -->
